# JRE version: OpenJDK Runtime Environment (11.0.10) (build 11.0.10+0-b96-7249189)
# Java VM: OpenJDK 64-Bit Server VM (11.0.10+0-b96-7249189, mixed mode, tiered, compressed oops, g1 gc, windows-amd64)
Heap:
 garbage-first heap   total 921600K, used 334336K [0x0000000080000000, 0x0000000100000000)
  region size 1024K, 6 young (6144K), 6 survivors (6144K)
 Metaspace       used 137402K, capacity 140677K, committed 140908K, reserved 1173504K
  class space    used 16709K, capacity 17925K, committed 17984K, reserved 1048576K
GC Heap History (20 events):
Event: 142.688 GC heap after
{Heap after GC invocations=51 (full 0):
 garbage-first heap   total 315392K, used 149790K [0x0000000080000000, 0x0000000100000000)
  region size 1024K, 7 young (7168K), 7 survivors (7168K)
 Metaspace       used 133165K, capacity 136265K, committed 136556K, reserved 1169408K
  class space    used 16240K, capacity 17404K, committed 17472K, reserved 1048576K
}
Event: 143.224 GC heap before
{Heap before GC invocations=51 (full 0):
 garbage-first heap   total 315392K, used 267550K [0x0000000080000000, 0x0000000100000000)
  region size 1024K, 122 young (124928K), 7 survivors (7168K)
 Metaspace       used 133196K, capacity 136270K, committed 136556K, reserved 1169408K
  class space    used 16240K, capacity 17404K, committed 17472K, reserved 1048576K
}
Event: 143.248 GC heap after
{Heap after GC invocations=52 (full 0):
 garbage-first heap   total 315392K, used 152166K [0x0000000080000000, 0x0000000100000000)
  region size 1024K, 10 young (10240K), 10 survivors (10240K)
 Metaspace       used 133196K, capacity 136270K, committed 136556K, reserved 1169408K
  class space    used 16240K, capacity 17404K, committed 17472K, reserved 1048576K
}
Event: 143.759 GC heap before
{Heap before GC invocations=52 (full 0):
 garbage-first heap   total 315392K, used 268902K [0x0000000080000000, 0x0000000100000000)
  region size 1024K, 124 young (126976K), 10 survivors (10240K)
 Metaspace       used 133216K, capacity 136271K, committed 136556K, reserved 1169408K
  class space    used 16240K, capacity 17404K, committed 17472K, reserved 1048576K
}
Event: 143.786 GC heap after
{Heap after GC invocations=53 (full 0):
 garbage-first heap   total 378880K, used 153149K [0x0000000080000000, 0x0000000100000000)
  region size 1024K, 9 young (9216K), 9 survivors (9216K)
 Metaspace       used 133216K, capacity 136271K, committed 136556K, reserved 1169408K
  class space    used 16240K, capacity 17404K, committed 17472K, reserved 1048576K
}
Event: 144.470 GC heap before
{Heap before GC invocations=53 (full 0):
 garbage-first heap   total 378880K, used 302653K [0x0000000080000000, 0x0000000100000000)
  region size 1024K, 155 young (158720K), 9 survivors (9216K)
 Metaspace       used 133393K, capacity 136448K, committed 136556K, reserved 1169408K
  class space    used 16268K, capacity 17440K, committed 17472K, reserved 1048576K
}
Event: 144.492 GC heap after
{Heap after GC invocations=54 (full 0):
 garbage-first heap   total 378880K, used 153565K [0x0000000080000000, 0x0000000100000000)
  region size 1024K, 10 young (10240K), 10 survivors (10240K)
 Metaspace       used 133393K, capacity 136448K, committed 136556K, reserved 1169408K
  class space    used 16268K, capacity 17440K, committed 17472K, reserved 1048576K
}
Event: 145.234 GC heap before
{Heap before GC invocations=54 (full 0):
 garbage-first heap   total 378880K, used 310237K [0x0000000080000000, 0x0000000100000000)
  region size 1024K, 163 young (166912K), 10 survivors (10240K)
 Metaspace       used 133652K, capacity 136743K, committed 136940K, reserved 1169408K
  class space    used 16308K, capacity 17476K, committed 17600K, reserved 1048576K
}
Event: 145.262 GC heap after
{Heap after GC invocations=55 (full 0):
 garbage-first heap   total 378880K, used 156092K [0x0000000080000000, 0x0000000100000000)
  region size 1024K, 12 young (12288K), 12 survivors (12288K)
 Metaspace       used 133652K, capacity 136743K, committed 136940K, reserved 1169408K
  class space    used 16308K, capacity 17476K, committed 17600K, reserved 1048576K
}
Event: 146.920 GC heap before
{Heap before GC invocations=55 (full 0):
 garbage-first heap   total 378880K, used 298428K [0x0000000080000000, 0x0000000100000000)
  region size 1024K, 134 young (137216K), 12 survivors (12288K)
 Metaspace       used 135283K, capacity 138645K, committed 138988K, reserved 1171456K
  class space    used 16490K, capacity 17734K, committed 17856K, reserved 1048576K
}
Event: 146.958 GC heap after
{Heap after GC invocations=56 (full 0):
 garbage-first heap   total 378880K, used 174871K [0x0000000080000000, 0x0000000100000000)
  region size 1024K, 13 young (13312K), 13 survivors (13312K)
 Metaspace       used 135283K, capacity 138645K, committed 138988K, reserved 1171456K
  class space    used 16490K, capacity 17734K, committed 17856K, reserved 1048576K
}
Event: 149.038 GC heap before
{Heap before GC invocations=57 (full 0):
 garbage-first heap   total 378880K, used 360215K [0x0000000080000000, 0x0000000100000000)
  region size 1024K, 154 young (157696K), 13 survivors (13312K)
 Metaspace       used 136763K, capacity 140050K, committed 140396K, reserved 1171456K
  class space    used 16659K, capacity 17870K, committed 17984K, reserved 1048576K
}
Event: 149.147 GC heap after
{Heap after GC invocations=58 (full 0):
 garbage-first heap   total 466944K, used 220242K [0x0000000080000000, 0x0000000100000000)
  region size 1024K, 20 young (20480K), 20 survivors (20480K)
 Metaspace       used 136763K, capacity 140050K, committed 140396K, reserved 1171456K
  class space    used 16659K, capacity 17870K, committed 17984K, reserved 1048576K
}
Event: 149.194 GC heap before
{Heap before GC invocations=58 (full 0):
 garbage-first heap   total 466944K, used 221266K [0x0000000080000000, 0x0000000100000000)
  region size 1024K, 22 young (22528K), 20 survivors (20480K)
 Metaspace       used 136768K, capacity 140050K, committed 140396K, reserved 1171456K
  class space    used 16659K, capacity 17870K, committed 17984K, reserved 1048576K
}
Event: 149.255 GC heap after
{Heap after GC invocations=59 (full 0):
 garbage-first heap   total 466944K, used 222602K [0x0000000080000000, 0x0000000100000000)
  region size 1024K, 2 young (2048K), 2 survivors (2048K)
 Metaspace       used 136768K, capacity 140050K, committed 140396K, reserved 1171456K
  class space    used 16659K, capacity 17870K, committed 17984K, reserved 1048576K
}
Event: 152.042 GC heap before
{Heap before GC invocations=59 (full 0):
 garbage-first heap   total 466944K, used 373130K [0x0000000080000000, 0x0000000100000000)
  region size 1024K, 147 young (150528K), 2 survivors (2048K)
 Metaspace       used 137336K, capacity 140608K, committed 140908K, reserved 1173504K
  class space    used 16708K, capacity 17925K, committed 17984K, reserved 1048576K
}
Event: 152.310 GC heap after
{Heap after GC invocations=60 (full 0):
 garbage-first heap   total 466944K, used 293888K [0x0000000080000000, 0x0000000100000000)
  region size 1024K, 19 young (19456K), 19 survivors (19456K)
 Metaspace       used 137336K, capacity 140608K, committed 140908K, reserved 1173504K
  class space    used 16708K, capacity 17925K, committed 17984K, reserved 1048576K
}
Event: 154.442 GC heap before
{Heap before GC invocations=60 (full 0):
 garbage-first heap   total 466944K, used 346112K [0x0000000080000000, 0x0000000100000000)
  region size 1024K, 70 young (71680K), 19 survivors (19456K)
 Metaspace       used 137341K, capacity 140608K, committed 140908K, reserved 1173504K
  class space    used 16709K, capacity 17925K, committed 17984K, reserved 1048576K
}
Event: 154.948 GC heap after
{Heap after GC invocations=61 (full 0):
 garbage-first heap   total 466944K, used 322048K [0x0000000080000000, 0x0000000100000000)
  region size 1024K, 9 young (9216K), 9 survivors (9216K)
 Metaspace       used 137341K, capacity 140608K, committed 140908K, reserved 1173504K
  class space    used 16709K, capacity 17925K, committed 17984K, reserved 1048576K
}
Event: 156.052 GC heap before
{Heap before GC invocations=61 (full 0):
 garbage-first heap   total 466944K, used 358912K [0x0000000080000000, 0x0000000100000000)
  region size 1024K, 46 young (47104K), 9 survivors (9216K)
 Metaspace       used 137402K, capacity 140677K, committed 140908K, reserved 1173504K
  class space    used 16709K, capacity 17925K, committed 17984K, reserved 1048576K
}

