# JRE version: OpenJDK Runtime Environment (11.0.10) (build 11.0.10+0-b96-7249189)
# Java VM: OpenJDK 64-Bit Server VM (11.0.10+0-b96-7249189, mixed mode, tiered, compressed oops, g1 gc, windows-amd64)
Heap:
 garbage-first heap   total 437248K, used 253440K [0x0000000080000000, 0x0000000100000000)
  region size 1024K, 3 young (3072K), 3 survivors (3072K)
 Metaspace       used 90451K, capacity 92472K, committed 92624K, reserved 1130496K
  class space    used 11759K, capacity 12524K, committed 12544K, reserved 1048576K
GC Heap History (20 events):
Event: 62.586 GC heap after
{Heap after GC invocations=18 (full 0):
 garbage-first heap   total 262144K, used 76800K [0x0000000080000000, 0x0000000100000000)
  region size 1024K, 10 young (10240K), 10 survivors (10240K)
 Metaspace       used 82586K, capacity 84521K, committed 84560K, reserved 1122304K
  class space    used 10642K, capacity 11381K, committed 11392K, reserved 1048576K
}
Event: 63.743 GC heap before
{Heap before GC invocations=18 (full 0):
 garbage-first heap   total 262144K, used 204800K [0x0000000080000000, 0x0000000100000000)
  region size 1024K, 87 young (89088K), 10 survivors (10240K)
 Metaspace       used 86480K, capacity 88495K, committed 88784K, reserved 1126400K
  class space    used 11153K, capacity 11918K, committed 12032K, reserved 1048576K
}
Event: 63.788 GC heap after
{Heap after GC invocations=19 (full 0):
 garbage-first heap   total 262144K, used 125793K [0x0000000080000000, 0x0000000100000000)
  region size 1024K, 15 young (15360K), 15 survivors (15360K)
 Metaspace       used 86480K, capacity 88495K, committed 88784K, reserved 1126400K
  class space    used 11153K, capacity 11918K, committed 12032K, reserved 1048576K
}
Event: 65.047 GC heap before
{Heap before GC invocations=20 (full 0):
 garbage-first heap   total 262144K, used 205665K [0x0000000080000000, 0x0000000100000000)
  region size 1024K, 88 young (90112K), 15 survivors (15360K)
 Metaspace       used 86839K, capacity 88786K, committed 89040K, reserved 1126400K
  class space    used 11190K, capacity 11909K, committed 12032K, reserved 1048576K
}
Event: 65.137 GC heap after
{Heap after GC invocations=21 (full 0):
 garbage-first heap   total 262144K, used 156474K [0x0000000080000000, 0x0000000100000000)
  region size 1024K, 11 young (11264K), 11 survivors (11264K)
 Metaspace       used 86839K, capacity 88786K, committed 89040K, reserved 1126400K
  class space    used 11190K, capacity 11909K, committed 12032K, reserved 1048576K
}
Event: 65.172 GC heap before
{Heap before GC invocations=21 (full 0):
 garbage-first heap   total 262144K, used 158522K [0x0000000080000000, 0x0000000100000000)
  region size 1024K, 14 young (14336K), 11 survivors (11264K)
 Metaspace       used 86839K, capacity 88786K, committed 89040K, reserved 1126400K
  class space    used 11190K, capacity 11909K, committed 12032K, reserved 1048576K
}
Event: 65.225 GC heap after
{Heap after GC invocations=22 (full 0):
 garbage-first heap   total 262144K, used 159732K [0x0000000080000000, 0x0000000100000000)
  region size 1024K, 2 young (2048K), 2 survivors (2048K)
 Metaspace       used 86839K, capacity 88786K, committed 89040K, reserved 1126400K
  class space    used 11190K, capacity 11909K, committed 12032K, reserved 1048576K
}
Event: 66.267 GC heap before
{Heap before GC invocations=23 (full 0):
 garbage-first heap   total 262144K, used 192500K [0x0000000080000000, 0x0000000100000000)
  region size 1024K, 33 young (33792K), 2 survivors (2048K)
 Metaspace       used 88729K, capacity 90725K, committed 90960K, reserved 1128448K
  class space    used 11545K, capacity 12298K, committed 12416K, reserved 1048576K
}
Event: 66.326 GC heap after
{Heap after GC invocations=24 (full 0):
 garbage-first heap   total 262144K, used 175104K [0x0000000080000000, 0x0000000100000000)
  region size 1024K, 5 young (5120K), 5 survivors (5120K)
 Metaspace       used 88729K, capacity 90725K, committed 90960K, reserved 1128448K
  class space    used 11545K, capacity 12298K, committed 12416K, reserved 1048576K
}
Event: 66.646 GC heap before
{Heap before GC invocations=24 (full 0):
 garbage-first heap   total 262144K, used 199680K [0x0000000080000000, 0x0000000100000000)
  region size 1024K, 30 young (30720K), 5 survivors (5120K)
 Metaspace       used 88799K, capacity 90792K, committed 90960K, reserved 1128448K
  class space    used 11545K, capacity 12298K, committed 12416K, reserved 1048576K
}
Event: 66.705 GC heap after
{Heap after GC invocations=25 (full 0):
 garbage-first heap   total 262144K, used 190464K [0x0000000080000000, 0x0000000100000000)
  region size 1024K, 4 young (4096K), 4 survivors (4096K)
 Metaspace       used 88799K, capacity 90792K, committed 90960K, reserved 1128448K
  class space    used 11545K, capacity 12298K, committed 12416K, reserved 1048576K
}
Event: 67.100 GC heap before
{Heap before GC invocations=25 (full 0):
 garbage-first heap   total 262144K, used 207872K [0x0000000080000000, 0x0000000100000000)
  region size 1024K, 22 young (22528K), 4 survivors (4096K)
 Metaspace       used 88812K, capacity 90858K, committed 91216K, reserved 1128448K
  class space    used 11545K, capacity 12298K, committed 12416K, reserved 1048576K
}
Event: 67.140 GC heap after
{Heap after GC invocations=26 (full 0):
 garbage-first heap   total 315392K, used 202240K [0x0000000080000000, 0x0000000100000000)
  region size 1024K, 3 young (3072K), 3 survivors (3072K)
 Metaspace       used 88812K, capacity 90858K, committed 91216K, reserved 1128448K
  class space    used 11545K, capacity 12298K, committed 12416K, reserved 1048576K
}
Event: 67.721 GC heap before
{Heap before GC invocations=26 (full 0):
 garbage-first heap   total 315392K, used 232960K [0x0000000080000000, 0x0000000100000000)
  region size 1024K, 35 young (35840K), 3 survivors (3072K)
 Metaspace       used 88825K, capacity 90859K, committed 91216K, reserved 1128448K
  class space    used 11545K, capacity 12298K, committed 12416K, reserved 1048576K
}
Event: 67.797 GC heap after
{Heap after GC invocations=27 (full 0):
 garbage-first heap   total 315392K, used 220672K [0x0000000080000000, 0x0000000100000000)
  region size 1024K, 5 young (5120K), 5 survivors (5120K)
 Metaspace       used 88825K, capacity 90859K, committed 91216K, reserved 1128448K
  class space    used 11545K, capacity 12298K, committed 12416K, reserved 1048576K
}
Event: 68.090 GC heap before
{Heap before GC invocations=28 (full 0):
 garbage-first heap   total 315392K, used 245248K [0x0000000080000000, 0x0000000100000000)
  region size 1024K, 30 young (30720K), 5 survivors (5120K)
 Metaspace       used 88825K, capacity 90859K, committed 91216K, reserved 1128448K
  class space    used 11545K, capacity 12298K, committed 12416K, reserved 1048576K
}
Event: 68.148 GC heap after
{Heap after GC invocations=29 (full 0):
 garbage-first heap   total 315392K, used 237056K [0x0000000080000000, 0x0000000100000000)
  region size 1024K, 4 young (4096K), 4 survivors (4096K)
 Metaspace       used 88825K, capacity 90859K, committed 91216K, reserved 1128448K
  class space    used 11545K, capacity 12298K, committed 12416K, reserved 1048576K
}
Event: 68.407 GC heap before
{Heap before GC invocations=29 (full 0):
 garbage-first heap   total 315392K, used 255488K [0x0000000080000000, 0x0000000100000000)
  region size 1024K, 23 young (23552K), 4 survivors (4096K)
 Metaspace       used 88825K, capacity 90859K, committed 91216K, reserved 1128448K
  class space    used 11545K, capacity 12298K, committed 12416K, reserved 1048576K
}
Event: 68.443 GC heap after
{Heap after GC invocations=30 (full 0):
 garbage-first heap   total 315392K, used 249344K [0x0000000080000000, 0x0000000100000000)
  region size 1024K, 3 young (3072K), 3 survivors (3072K)
 Metaspace       used 88825K, capacity 90859K, committed 91216K, reserved 1128448K
  class space    used 11545K, capacity 12298K, committed 12416K, reserved 1048576K
}
Event: 69.286 GC heap before
{Heap before GC invocations=30 (full 0):
 garbage-first heap   total 315392K, used 262656K [0x0000000080000000, 0x0000000100000000)
  region size 1024K, 17 young (17408K), 3 survivors (3072K)
 Metaspace       used 90451K, capacity 92472K, committed 92624K, reserved 1130496K
  class space    used 11759K, capacity 12524K, committed 12544K, reserved 1048576K
}

