# JRE version: OpenJDK Runtime Environment (11.0.10) (build 11.0.10+0-b96-7249189)
# Java VM: OpenJDK 64-Bit Server VM (11.0.10+0-b96-7249189, mixed mode, tiered, compressed oops, g1 gc, windows-amd64)
Heap:
 garbage-first heap   total 430080K, used 213504K [0x0000000080000000, 0x0000000100000000)
  region size 1024K, 6 young (6144K), 6 survivors (6144K)
 Metaspace       used 90537K, capacity 92642K, committed 93004K, reserved 1130496K
  class space    used 11735K, capacity 12497K, committed 12620K, reserved 1048576K
GC Heap History (20 events):
Event: 9.327 GC heap after
{Heap after GC invocations=8 (full 0):
 garbage-first heap   total 262144K, used 21589K [0x0000000080000000, 0x0000000100000000)
  region size 1024K, 6 young (6144K), 6 survivors (6144K)
 Metaspace       used 35048K, capacity 35807K, committed 35840K, reserved 1081344K
  class space    used 4557K, capacity 4854K, committed 4864K, reserved 1048576K
}
Event: 12.395 GC heap before
{Heap before GC invocations=9 (full 0):
 garbage-first heap   total 262144K, used 112725K [0x0000000080000000, 0x0000000100000000)
  region size 1024K, 92 young (94208K), 6 survivors (6144K)
 Metaspace       used 43342K, capacity 44390K, committed 44748K, reserved 1087488K
  class space    used 5573K, capacity 5965K, committed 6092K, reserved 1048576K
}
Event: 12.422 GC heap after
{Heap after GC invocations=10 (full 0):
 garbage-first heap   total 262144K, used 26425K [0x0000000080000000, 0x0000000100000000)
  region size 1024K, 11 young (11264K), 11 survivors (11264K)
 Metaspace       used 43342K, capacity 44390K, committed 44748K, reserved 1087488K
  class space    used 5573K, capacity 5965K, committed 6092K, reserved 1048576K
}
Event: 14.929 GC heap before
{Heap before GC invocations=10 (full 0):
 garbage-first heap   total 262144K, used 147257K [0x0000000080000000, 0x0000000100000000)
  region size 1024K, 123 young (125952K), 11 survivors (11264K)
 Metaspace       used 51173K, capacity 52449K, committed 52556K, reserved 1095680K
  class space    used 6533K, capacity 6970K, committed 6988K, reserved 1048576K
}
Event: 14.971 GC heap after
{Heap after GC invocations=11 (full 0):
 garbage-first heap   total 262144K, used 43325K [0x0000000080000000, 0x0000000100000000)
  region size 1024K, 16 young (16384K), 16 survivors (16384K)
 Metaspace       used 51173K, capacity 52449K, committed 52556K, reserved 1095680K
  class space    used 6533K, capacity 6970K, committed 6988K, reserved 1048576K
}
Event: 16.799 GC heap before
{Heap before GC invocations=11 (full 0):
 garbage-first heap   total 262144K, used 104765K [0x0000000080000000, 0x0000000100000000)
  region size 1024K, 77 young (78848K), 16 survivors (16384K)
 Metaspace       used 58770K, capacity 60171K, committed 60236K, reserved 1101824K
  class space    used 7454K, capacity 7990K, committed 8012K, reserved 1048576K
}
Event: 16.848 GC heap after
{Heap after GC invocations=12 (full 0):
 garbage-first heap   total 262144K, used 49509K [0x0000000080000000, 0x0000000100000000)
  region size 1024K, 16 young (16384K), 16 survivors (16384K)
 Metaspace       used 58770K, capacity 60171K, committed 60236K, reserved 1101824K
  class space    used 7454K, capacity 7990K, committed 8012K, reserved 1048576K
}
Event: 19.555 GC heap before
{Heap before GC invocations=13 (full 0):
 garbage-first heap   total 262144K, used 156005K [0x0000000080000000, 0x0000000100000000)
  region size 1024K, 120 young (122880K), 16 survivors (16384K)
 Metaspace       used 67879K, capacity 69410K, committed 69580K, reserved 1110016K
  class space    used 8795K, capacity 9353K, committed 9420K, reserved 1048576K
}
Event: 19.614 GC heap after
{Heap after GC invocations=14 (full 0):
 garbage-first heap   total 336896K, used 56646K [0x0000000080000000, 0x0000000100000000)
  region size 1024K, 13 young (13312K), 13 survivors (13312K)
 Metaspace       used 67879K, capacity 69410K, committed 69580K, reserved 1110016K
  class space    used 8795K, capacity 9353K, committed 9420K, reserved 1048576K
}
Event: 24.591 GC heap before
{Heap before GC invocations=15 (full 0):
 garbage-first heap   total 336896K, used 202054K [0x0000000080000000, 0x0000000100000000)
  region size 1024K, 156 young (159744K), 13 survivors (13312K)
 Metaspace       used 79105K, capacity 80923K, committed 81100K, reserved 1120256K
  class space    used 10249K, capacity 10935K, committed 10956K, reserved 1048576K
}
Event: 24.650 GC heap after
{Heap after GC invocations=16 (full 0):
 garbage-first heap   total 336896K, used 66160K [0x0000000080000000, 0x0000000100000000)
  region size 1024K, 17 young (17408K), 17 survivors (17408K)
 Metaspace       used 79105K, capacity 80923K, committed 81100K, reserved 1120256K
  class space    used 10249K, capacity 10935K, committed 10956K, reserved 1048576K
}
Event: 28.910 GC heap before
{Heap before GC invocations=16 (full 0):
 garbage-first heap   total 336896K, used 237168K [0x0000000080000000, 0x0000000100000000)
  region size 1024K, 185 young (189440K), 17 survivors (17408K)
 Metaspace       used 84934K, capacity 86897K, committed 86988K, reserved 1124352K
  class space    used 10927K, capacity 11652K, committed 11724K, reserved 1048576K
}
Event: 28.967 GC heap after
{Heap after GC invocations=17 (full 0):
 garbage-first heap   total 336896K, used 73456K [0x0000000080000000, 0x0000000100000000)
  region size 1024K, 17 young (17408K), 17 survivors (17408K)
 Metaspace       used 84934K, capacity 86897K, committed 86988K, reserved 1124352K
  class space    used 10927K, capacity 11652K, committed 11724K, reserved 1048576K
}
Event: 32.926 GC heap before
{Heap before GC invocations=17 (full 0):
 garbage-first heap   total 336896K, used 297712K [0x0000000080000000, 0x0000000100000000)
  region size 1024K, 183 young (187392K), 17 survivors (17408K)
 Metaspace       used 88356K, capacity 90478K, committed 90572K, reserved 1128448K
  class space    used 11381K, capacity 12142K, committed 12236K, reserved 1048576K
}
Event: 32.992 GC heap after
{Heap after GC invocations=18 (full 0):
 garbage-first heap   total 337920K, used 131411K [0x0000000080000000, 0x0000000100000000)
  region size 1024K, 23 young (23552K), 23 survivors (23552K)
 Metaspace       used 88356K, capacity 90478K, committed 90572K, reserved 1128448K
  class space    used 11381K, capacity 12142K, committed 12236K, reserved 1048576K
}
Event: 35.445 GC heap before
{Heap before GC invocations=18 (full 0):
 garbage-first heap   total 337920K, used 254291K [0x0000000080000000, 0x0000000100000000)
  region size 1024K, 140 young (143360K), 23 survivors (23552K)
 Metaspace       used 90564K, capacity 92714K, committed 93004K, reserved 1130496K
  class space    used 11761K, capacity 12543K, committed 12620K, reserved 1048576K
}
Event: 35.662 GC heap after
{Heap after GC invocations=19 (full 0):
 garbage-first heap   total 337920K, used 177664K [0x0000000080000000, 0x0000000100000000)
  region size 1024K, 18 young (18432K), 18 survivors (18432K)
 Metaspace       used 90564K, capacity 92714K, committed 93004K, reserved 1130496K
  class space    used 11761K, capacity 12543K, committed 12620K, reserved 1048576K
}
Event: 35.991 GC heap before
{Heap before GC invocations=19 (full 0):
 garbage-first heap   total 337920K, used 203264K [0x0000000080000000, 0x0000000100000000)
  region size 1024K, 43 young (44032K), 18 survivors (18432K)
 Metaspace       used 90580K, capacity 92714K, committed 93004K, reserved 1130496K
  class space    used 11761K, capacity 12543K, committed 12620K, reserved 1048576K
}
Event: 36.137 GC heap after
{Heap after GC invocations=20 (full 0):
 garbage-first heap   total 337920K, used 193536K [0x0000000080000000, 0x0000000100000000)
  region size 1024K, 6 young (6144K), 6 survivors (6144K)
 Metaspace       used 90580K, capacity 92714K, committed 93004K, reserved 1130496K
  class space    used 11761K, capacity 12543K, committed 12620K, reserved 1048576K
}
Event: 36.987 GC heap before
{Heap before GC invocations=20 (full 0):
 garbage-first heap   total 337920K, used 228352K [0x0000000080000000, 0x0000000100000000)
  region size 1024K, 41 young (41984K), 6 survivors (6144K)
 Metaspace       used 90537K, capacity 92642K, committed 93004K, reserved 1130496K
  class space    used 11735K, capacity 12497K, committed 12620K, reserved 1048576K
}

