# JRE version: OpenJDK Runtime Environment (11.0.10) (build 11.0.10+0-b96-7249189)
# Java VM: OpenJDK 64-Bit Server VM (11.0.10+0-b96-7249189, mixed mode, tiered, compressed oops, g1 gc, windows-amd64)
Heap:
 garbage-first heap   total 275456K, used 217429K [0x0000000080000000, 0x0000000100000000)
  region size 1024K, 98 young (100352K), 16 survivors (16384K)
 Metaspace       used 88239K, capacity 90279K, committed 90492K, reserved 1136640K
  class space    used 11520K, capacity 12262K, committed 12288K, reserved 1048576K
GC Heap History (20 events):
Event: 14.236 GC heap before
{Heap before GC invocations=6 (full 0):
 garbage-first heap   total 262144K, used 74623K [0x0000000080000000, 0x0000000100000000)
  region size 1024K, 61 young (62464K), 4 survivors (4096K)
 Metaspace       used 26867K, capacity 27468K, committed 27568K, reserved 1073152K
  class space    used 3526K, capacity 3754K, committed 3840K, reserved 1048576K
}
Event: 14.249 GC heap after
{Heap after GC invocations=7 (full 0):
 garbage-first heap   total 262144K, used 18431K [0x0000000080000000, 0x0000000100000000)
  region size 1024K, 6 young (6144K), 6 survivors (6144K)
 Metaspace       used 26867K, capacity 27468K, committed 27568K, reserved 1073152K
  class space    used 3526K, capacity 3754K, committed 3840K, reserved 1048576K
}
Event: 17.433 GC heap before
{Heap before GC invocations=7 (full 0):
 garbage-first heap   total 262144K, used 58367K [0x0000000080000000, 0x0000000100000000)
  region size 1024K, 46 young (47104K), 6 survivors (6144K)
 Metaspace       used 34947K, capacity 35638K, committed 35708K, reserved 1081344K
  class space    used 4524K, capacity 4817K, committed 4864K, reserved 1048576K
}
Event: 17.464 GC heap after
{Heap after GC invocations=8 (full 0):
 garbage-first heap   total 262144K, used 21232K [0x0000000080000000, 0x0000000100000000)
  region size 1024K, 9 young (9216K), 9 survivors (9216K)
 Metaspace       used 34947K, capacity 35638K, committed 35708K, reserved 1081344K
  class space    used 4524K, capacity 4817K, committed 4864K, reserved 1048576K
}
Event: 27.244 GC heap before
{Heap before GC invocations=9 (full 0):
 garbage-first heap   total 262144K, used 109296K [0x0000000080000000, 0x0000000100000000)
  region size 1024K, 92 young (94208K), 9 survivors (9216K)
 Metaspace       used 42903K, capacity 43887K, committed 44156K, reserved 1087488K
  class space    used 5503K, capacity 5859K, committed 5888K, reserved 1048576K
}
Event: 27.280 GC heap after
{Heap after GC invocations=10 (full 0):
 garbage-first heap   total 262144K, used 26001K [0x0000000080000000, 0x0000000100000000)
  region size 1024K, 11 young (11264K), 11 survivors (11264K)
 Metaspace       used 42903K, capacity 43887K, committed 44156K, reserved 1087488K
  class space    used 5503K, capacity 5859K, committed 5888K, reserved 1048576K
}
Event: 34.345 GC heap before
{Heap before GC invocations=10 (full 0):
 garbage-first heap   total 262144K, used 147857K [0x0000000080000000, 0x0000000100000000)
  region size 1024K, 124 young (126976K), 11 survivors (11264K)
 Metaspace       used 50678K, capacity 51917K, committed 52092K, reserved 1095680K
  class space    used 6417K, capacity 6833K, committed 6912K, reserved 1048576K
}
Event: 34.385 GC heap after
{Heap after GC invocations=11 (full 0):
 garbage-first heap   total 262144K, used 42685K [0x0000000080000000, 0x0000000100000000)
  region size 1024K, 16 young (16384K), 16 survivors (16384K)
 Metaspace       used 50678K, capacity 51917K, committed 52092K, reserved 1095680K
  class space    used 6417K, capacity 6833K, committed 6912K, reserved 1048576K
}
Event: 42.267 GC heap before
{Heap before GC invocations=11 (full 0):
 garbage-first heap   total 262144K, used 105149K [0x0000000080000000, 0x0000000100000000)
  region size 1024K, 78 young (79872K), 16 survivors (16384K)
 Metaspace       used 58379K, capacity 59771K, committed 59900K, reserved 1101824K
  class space    used 7403K, capacity 7942K, committed 8064K, reserved 1048576K
}
Event: 42.393 GC heap after
{Heap after GC invocations=12 (full 0):
 garbage-first heap   total 262144K, used 48432K [0x0000000080000000, 0x0000000100000000)
  region size 1024K, 15 young (15360K), 15 survivors (15360K)
 Metaspace       used 58379K, capacity 59771K, committed 59900K, reserved 1101824K
  class space    used 7403K, capacity 7942K, committed 8064K, reserved 1048576K
}
Event: 47.565 GC heap before
{Heap before GC invocations=13 (full 0):
 garbage-first heap   total 262144K, used 156976K [0x0000000080000000, 0x0000000100000000)
  region size 1024K, 120 young (122880K), 15 survivors (15360K)
 Metaspace       used 67388K, capacity 68944K, committed 69116K, reserved 1110016K
  class space    used 8707K, capacity 9262K, committed 9344K, reserved 1048576K
}
Event: 47.612 GC heap after
{Heap after GC invocations=14 (full 0):
 garbage-first heap   total 262144K, used 56603K [0x0000000080000000, 0x0000000100000000)
  region size 1024K, 13 young (13312K), 13 survivors (13312K)
 Metaspace       used 67388K, capacity 68944K, committed 69116K, reserved 1110016K
  class space    used 8707K, capacity 9262K, committed 9344K, reserved 1048576K
}
Event: 50.877 GC heap before
{Heap before GC invocations=14 (full 0):
 garbage-first heap   total 262144K, used 167195K [0x0000000080000000, 0x0000000100000000)
  region size 1024K, 122 young (124928K), 13 survivors (13312K)
 Metaspace       used 78421K, capacity 80244K, committed 80380K, reserved 1118208K
  class space    used 10160K, capacity 10797K, committed 10880K, reserved 1048576K
}
Event: 50.942 GC heap after
{Heap after GC invocations=15 (full 0):
 garbage-first heap   total 262144K, used 62975K [0x0000000080000000, 0x0000000100000000)
  region size 1024K, 15 young (15360K), 15 survivors (15360K)
 Metaspace       used 78421K, capacity 80244K, committed 80380K, reserved 1118208K
  class space    used 10160K, capacity 10797K, committed 10880K, reserved 1048576K
}
Event: 53.471 GC heap before
{Heap before GC invocations=15 (full 0):
 garbage-first heap   total 262144K, used 176639K [0x0000000080000000, 0x0000000100000000)
  region size 1024K, 127 young (130048K), 15 survivors (15360K)
 Metaspace       used 79712K, capacity 81584K, committed 81788K, reserved 1120256K
  class space    used 10259K, capacity 10935K, committed 11008K, reserved 1048576K
}
Event: 53.537 GC heap after
{Heap after GC invocations=16 (full 0):
 garbage-first heap   total 262144K, used 70046K [0x0000000080000000, 0x0000000100000000)
  region size 1024K, 14 young (14336K), 14 survivors (14336K)
 Metaspace       used 79712K, capacity 81584K, committed 81788K, reserved 1120256K
  class space    used 10259K, capacity 10935K, committed 11008K, reserved 1048576K
}
Event: 55.255 GC heap before
{Heap before GC invocations=16 (full 0):
 garbage-first heap   total 262144K, used 184734K [0x0000000080000000, 0x0000000100000000)
  region size 1024K, 127 young (130048K), 14 survivors (14336K)
 Metaspace       used 81845K, capacity 83808K, committed 83964K, reserved 1122304K
  class space    used 10555K, capacity 11273K, committed 11392K, reserved 1048576K
}
Event: 55.300 GC heap after
{Heap after GC invocations=17 (full 0):
 garbage-first heap   total 262144K, used 75090K [0x0000000080000000, 0x0000000100000000)
  region size 1024K, 11 young (11264K), 11 survivors (11264K)
 Metaspace       used 81845K, capacity 83808K, committed 83964K, reserved 1122304K
  class space    used 10555K, capacity 11273K, committed 11392K, reserved 1048576K
}
Event: 57.028 GC heap before
{Heap before GC invocations=17 (full 0):
 garbage-first heap   total 262144K, used 244050K [0x0000000080000000, 0x0000000100000000)
  region size 1024K, 125 young (128000K), 11 survivors (11264K)
 Metaspace       used 86459K, capacity 88515K, committed 88700K, reserved 1126400K
  class space    used 11150K, capacity 11906K, committed 12032K, reserved 1048576K
}
Event: 57.075 GC heap after
{Heap after GC invocations=18 (full 0):
 garbage-first heap   total 275456K, used 129365K [0x0000000080000000, 0x0000000100000000)
  region size 1024K, 16 young (16384K), 16 survivors (16384K)
 Metaspace       used 86459K, capacity 88515K, committed 88700K, reserved 1126400K
  class space    used 11150K, capacity 11906K, committed 12032K, reserved 1048576K
}

