# JRE version: OpenJDK Runtime Environment (11.0.10) (build 11.0.10+0-b96-7249189)
# Java VM: OpenJDK 64-Bit Server VM (11.0.10+0-b96-7249189, mixed mode, tiered, compressed oops, g1 gc, windows-amd64)
Heap:
 garbage-first heap   total 344064K, used 211456K [0x0000000080000000, 0x0000000100000000)
  region size 1024K, 30 young (30720K), 18 survivors (18432K)
 Metaspace       used 88916K, capacity 91067K, committed 91388K, reserved 1128448K
  class space    used 11565K, capacity 12328K, committed 12416K, reserved 1048576K
GC Heap History (20 events):
Event: 6.868 GC heap before
{Heap before GC invocations=4 (full 0):
 garbage-first heap   total 262144K, used 30442K [0x0000000080000000, 0x0000000100000000)
  region size 1024K, 19 young (19456K), 3 survivors (3072K)
 Metaspace       used 20577K, capacity 21131K, committed 21296K, reserved 1069056K
  class space    used 2520K, capacity 2680K, committed 2688K, reserved 1048576K
}
Event: 6.876 GC heap after
{Heap after GC invocations=5 (full 0):
 garbage-first heap   total 262144K, used 16461K [0x0000000080000000, 0x0000000100000000)
  region size 1024K, 4 young (4096K), 4 survivors (4096K)
 Metaspace       used 20577K, capacity 21131K, committed 21296K, reserved 1069056K
  class space    used 2520K, capacity 2680K, committed 2688K, reserved 1048576K
}
Event: 8.133 GC heap before
{Heap before GC invocations=6 (full 0):
 garbage-first heap   total 262144K, used 70733K [0x0000000080000000, 0x0000000100000000)
  region size 1024K, 57 young (58368K), 4 survivors (4096K)
 Metaspace       used 26574K, capacity 27272K, committed 27440K, reserved 1073152K
  class space    used 3485K, capacity 3710K, committed 3712K, reserved 1048576K
}
Event: 8.145 GC heap after
{Heap after GC invocations=7 (full 0):
 garbage-first heap   total 262144K, used 18566K [0x0000000080000000, 0x0000000100000000)
  region size 1024K, 6 young (6144K), 6 survivors (6144K)
 Metaspace       used 26574K, capacity 27272K, committed 27440K, reserved 1073152K
  class space    used 3485K, capacity 3710K, committed 3712K, reserved 1048576K
}
Event: 9.858 GC heap before
{Heap before GC invocations=7 (full 0):
 garbage-first heap   total 262144K, used 62598K [0x0000000080000000, 0x0000000100000000)
  region size 1024K, 51 young (52224K), 6 survivors (6144K)
 Metaspace       used 34896K, capacity 35665K, committed 35708K, reserved 1081344K
  class space    used 4534K, capacity 4849K, committed 4864K, reserved 1048576K
}
Event: 9.883 GC heap after
{Heap after GC invocations=8 (full 0):
 garbage-first heap   total 262144K, used 21803K [0x0000000080000000, 0x0000000100000000)
  region size 1024K, 9 young (9216K), 9 survivors (9216K)
 Metaspace       used 34896K, capacity 35665K, committed 35708K, reserved 1081344K
  class space    used 4534K, capacity 4849K, committed 4864K, reserved 1048576K
}
Event: 13.147 GC heap before
{Heap before GC invocations=9 (full 0):
 garbage-first heap   total 262144K, used 172331K [0x0000000080000000, 0x0000000100000000)
  region size 1024K, 153 young (156672K), 9 survivors (9216K)
 Metaspace       used 44461K, capacity 45551K, committed 45692K, reserved 1089536K
  class space    used 5691K, capacity 6093K, committed 6144K, reserved 1048576K
}
Event: 13.182 GC heap after
{Heap after GC invocations=10 (full 0):
 garbage-first heap   total 262144K, used 28203K [0x0000000080000000, 0x0000000100000000)
  region size 1024K, 15 young (15360K), 15 survivors (15360K)
 Metaspace       used 44461K, capacity 45551K, committed 45692K, reserved 1089536K
  class space    used 5691K, capacity 6093K, committed 6144K, reserved 1048576K
}
Event: 16.290 GC heap before
{Heap before GC invocations=10 (full 0):
 garbage-first heap   total 262144K, used 172587K [0x0000000080000000, 0x0000000100000000)
  region size 1024K, 151 young (154624K), 15 survivors (15360K)
 Metaspace       used 58382K, capacity 59820K, committed 59900K, reserved 1101824K
  class space    used 7423K, capacity 7984K, committed 8064K, reserved 1048576K
}
Event: 16.352 GC heap after
{Heap after GC invocations=11 (full 0):
 garbage-first heap   total 262144K, used 47320K [0x0000000080000000, 0x0000000100000000)
  region size 1024K, 20 young (20480K), 20 survivors (20480K)
 Metaspace       used 58382K, capacity 59820K, committed 59900K, reserved 1101824K
  class space    used 7423K, capacity 7984K, committed 8064K, reserved 1048576K
}
Event: 19.885 GC heap before
{Heap before GC invocations=12 (full 0):
 garbage-first heap   total 262144K, used 183512K [0x0000000080000000, 0x0000000100000000)
  region size 1024K, 153 young (156672K), 20 survivors (20480K)
 Metaspace       used 70049K, capacity 71691K, committed 71804K, reserved 1112064K
  class space    used 9127K, capacity 9724K, committed 9728K, reserved 1048576K
}
Event: 19.944 GC heap after
{Heap after GC invocations=13 (full 0):
 garbage-first heap   total 262144K, used 57344K [0x0000000080000000, 0x0000000100000000)
  region size 1024K, 10 young (10240K), 10 survivors (10240K)
 Metaspace       used 70049K, capacity 71691K, committed 71804K, reserved 1112064K
  class space    used 9127K, capacity 9724K, committed 9728K, reserved 1048576K
}
Event: 24.842 GC heap before
{Heap before GC invocations=13 (full 0):
 garbage-first heap   total 262144K, used 195584K [0x0000000080000000, 0x0000000100000000)
  region size 1024K, 146 young (149504K), 10 survivors (10240K)
 Metaspace       used 79128K, capacity 80939K, committed 81276K, reserved 1120256K
  class space    used 10240K, capacity 10920K, committed 11008K, reserved 1048576K
}
Event: 24.888 GC heap after
{Heap after GC invocations=14 (full 0):
 garbage-first heap   total 315392K, used 65536K [0x0000000080000000, 0x0000000100000000)
  region size 1024K, 18 young (18432K), 18 survivors (18432K)
 Metaspace       used 79128K, capacity 80939K, committed 81276K, reserved 1120256K
  class space    used 10240K, capacity 10920K, committed 11008K, reserved 1048576K
}
Event: 28.182 GC heap before
{Heap before GC invocations=14 (full 0):
 garbage-first heap   total 315392K, used 225280K [0x0000000080000000, 0x0000000100000000)
  region size 1024K, 175 young (179200K), 18 survivors (18432K)
 Metaspace       used 81441K, capacity 83427K, committed 83580K, reserved 1122304K
  class space    used 10504K, capacity 11237K, committed 11264K, reserved 1048576K
}
Event: 28.240 GC heap after
{Heap after GC invocations=15 (full 0):
 garbage-first heap   total 315392K, used 73738K [0x0000000080000000, 0x0000000100000000)
  region size 1024K, 17 young (17408K), 17 survivors (17408K)
 Metaspace       used 81441K, capacity 83427K, committed 83580K, reserved 1122304K
  class space    used 10504K, capacity 11237K, committed 11264K, reserved 1048576K
}
Event: 31.465 GC heap before
{Heap before GC invocations=15 (full 0):
 garbage-first heap   total 315392K, used 290826K [0x0000000080000000, 0x0000000100000000)
  region size 1024K, 176 young (180224K), 17 survivors (17408K)
 Metaspace       used 86901K, capacity 88928K, committed 89212K, reserved 1126400K
  class space    used 11211K, capacity 11941K, committed 12032K, reserved 1048576K
}
Event: 31.567 GC heap after
{Heap after GC invocations=16 (full 0):
 garbage-first heap   total 338944K, used 139934K [0x0000000080000000, 0x0000000100000000)
  region size 1024K, 22 young (22528K), 22 survivors (22528K)
 Metaspace       used 86901K, capacity 88928K, committed 89212K, reserved 1126400K
  class space    used 11211K, capacity 11941K, committed 12032K, reserved 1048576K
}
Event: 33.604 GC heap before
{Heap before GC invocations=16 (full 0):
 garbage-first heap   total 338944K, used 264862K [0x0000000080000000, 0x0000000100000000)
  region size 1024K, 140 young (143360K), 22 survivors (22528K)
 Metaspace       used 88910K, capacity 91003K, committed 91132K, reserved 1128448K
  class space    used 11565K, capacity 12328K, committed 12416K, reserved 1048576K
}
Event: 33.817 GC heap after
{Heap after GC invocations=17 (full 0):
 garbage-first heap   total 344064K, used 200192K [0x0000000080000000, 0x0000000100000000)
  region size 1024K, 18 young (18432K), 18 survivors (18432K)
 Metaspace       used 88910K, capacity 91003K, committed 91132K, reserved 1128448K
  class space    used 11565K, capacity 12328K, committed 12416K, reserved 1048576K
}

