# JRE version: OpenJDK Runtime Environment (11.0.10) (build 11.0.10+0-b96-7249189)
# Java VM: OpenJDK 64-Bit Server VM (11.0.10+0-b96-7249189, mixed mode, tiered, compressed oops, g1 gc, windows-amd64)
Heap:
 garbage-first heap   total 378880K, used 68485K [0x0000000701800000, 0x0000000800000000)
  region size 1024K, 6 young (6144K), 6 survivors (6144K)
 Metaspace       used 72569K, capacity 73336K, committed 73500K, reserved 1124352K
  class space    used 8082K, capacity 8389K, committed 8524K, reserved 1048576K
GC Heap History (17 events):
Event: 0.784 GC heap before
{Heap before GC invocations=0 (full 0):
 garbage-first heap   total 262144K, used 17408K [0x0000000701800000, 0x0000000800000000)
  region size 1024K, 14 young (14336K), 0 survivors (0K)
 Metaspace       used 9769K, capacity 9871K, committed 10112K, reserved 1058816K
  class space    used 828K, capacity 884K, committed 896K, reserved 1048576K
}
Event: 0.790 GC heap after
{Heap after GC invocations=1 (full 0):
 garbage-first heap   total 262144K, used 5597K [0x0000000701800000, 0x0000000800000000)
  region size 1024K, 2 young (2048K), 2 survivors (2048K)
 Metaspace       used 9769K, capacity 9871K, committed 10112K, reserved 1058816K
  class space    used 828K, capacity 884K, committed 896K, reserved 1048576K
}
Event: 2.238 GC heap before
{Heap before GC invocations=1 (full 0):
 garbage-first heap   total 262144K, used 51677K [0x0000000701800000, 0x0000000800000000)
  region size 1024K, 48 young (49152K), 2 survivors (2048K)
 Metaspace       used 20993K, capacity 21187K, committed 21248K, reserved 1069056K
  class space    used 2228K, capacity 2291K, committed 2304K, reserved 1048576K
}
Event: 2.256 GC heap after
{Heap after GC invocations=2 (full 0):
 garbage-first heap   total 262144K, used 9340K [0x0000000701800000, 0x0000000800000000)
  region size 1024K, 6 young (6144K), 6 survivors (6144K)
 Metaspace       used 20993K, capacity 21187K, committed 21248K, reserved 1069056K
  class space    used 2228K, capacity 2291K, committed 2304K, reserved 1048576K
}
Event: 4.358 GC heap before
{Heap before GC invocations=3 (full 0):
 garbage-first heap   total 262144K, used 63612K [0x0000000701800000, 0x0000000800000000)
  region size 1024K, 51 young (52224K), 6 survivors (6144K)
 Metaspace       used 29542K, capacity 30006K, committed 30076K, reserved 1075200K
  class space    used 3482K, capacity 3670K, committed 3712K, reserved 1048576K
}
Event: 4.388 GC heap after
{Heap after GC invocations=4 (full 0):
 garbage-first heap   total 262144K, used 24654K [0x0000000701800000, 0x0000000800000000)
  region size 1024K, 7 young (7168K), 7 survivors (7168K)
 Metaspace       used 29542K, capacity 30006K, committed 30076K, reserved 1075200K
  class space    used 3482K, capacity 3670K, committed 3712K, reserved 1048576K
}
Event: 6.109 GC heap before
{Heap before GC invocations=4 (full 0):
 garbage-first heap   total 262144K, used 61518K [0x0000000701800000, 0x0000000800000000)
  region size 1024K, 40 young (40960K), 7 survivors (7168K)
 Metaspace       used 35535K, capacity 35912K, committed 36048K, reserved 1081344K
  class space    used 4141K, capacity 4291K, committed 4352K, reserved 1048576K
}
Event: 6.151 GC heap after
{Heap after GC invocations=5 (full 0):
 garbage-first heap   total 262144K, used 25906K [0x0000000701800000, 0x0000000800000000)
  region size 1024K, 4 young (4096K), 4 survivors (4096K)
 Metaspace       used 35535K, capacity 35912K, committed 36048K, reserved 1081344K
  class space    used 4141K, capacity 4291K, committed 4352K, reserved 1048576K
}
Event: 8.574 GC heap before
{Heap before GC invocations=6 (full 0):
 garbage-first heap   total 262144K, used 81202K [0x0000000701800000, 0x0000000800000000)
  region size 1024K, 56 young (57344K), 4 survivors (4096K)
 Metaspace       used 47276K, capacity 47846K, committed 48028K, reserved 1091584K
  class space    used 5572K, capacity 5813K, committed 5836K, reserved 1048576K
}
Event: 8.619 GC heap after
{Heap after GC invocations=7 (full 0):
 garbage-first heap   total 315392K, used 32768K [0x0000000701800000, 0x0000000800000000)
  region size 1024K, 7 young (7168K), 7 survivors (7168K)
 Metaspace       used 47276K, capacity 47846K, committed 48028K, reserved 1091584K
  class space    used 5572K, capacity 5813K, committed 5836K, reserved 1048576K
}
Event: 13.185 GC heap before
{Heap before GC invocations=8 (full 0):
 garbage-first heap   total 315392K, used 96256K [0x0000000701800000, 0x0000000800000000)
  region size 1024K, 68 young (69632K), 7 survivors (7168K)
 Metaspace       used 52168K, capacity 52849K, committed 53148K, reserved 1095680K
  class space    used 6025K, capacity 6298K, committed 6348K, reserved 1048576K
}
Event: 13.229 GC heap after
{Heap after GC invocations=9 (full 0):
 garbage-first heap   total 315392K, used 40035K [0x0000000701800000, 0x0000000800000000)
  region size 1024K, 7 young (7168K), 7 survivors (7168K)
 Metaspace       used 52168K, capacity 52849K, committed 53148K, reserved 1095680K
  class space    used 6025K, capacity 6298K, committed 6348K, reserved 1048576K
}
Event: 22.187 GC heap before
{Heap before GC invocations=9 (full 0):
 garbage-first heap   total 315392K, used 117859K [0x0000000701800000, 0x0000000800000000)
  region size 1024K, 83 young (84992K), 7 survivors (7168K)
 Metaspace       used 59314K, capacity 60089K, committed 60188K, reserved 1101824K
  class space    used 6877K, capacity 7196K, committed 7244K, reserved 1048576K
}
Event: 22.269 GC heap after
{Heap after GC invocations=10 (full 0):
 garbage-first heap   total 315392K, used 51003K [0x0000000701800000, 0x0000000800000000)
  region size 1024K, 11 young (11264K), 11 survivors (11264K)
 Metaspace       used 59314K, capacity 60089K, committed 60188K, reserved 1101824K
  class space    used 6877K, capacity 7196K, committed 7244K, reserved 1048576K
}
Event: 31.255 GC heap before
{Heap before GC invocations=10 (full 0):
 garbage-first heap   total 315392K, used 138043K [0x0000000701800000, 0x0000000800000000)
  region size 1024K, 96 young (98304K), 11 survivors (11264K)
 Metaspace       used 68662K, capacity 69461K, committed 69788K, reserved 1112064K
  class space    used 7714K, capacity 8036K, committed 8140K, reserved 1048576K
}
Event: 31.316 GC heap after
{Heap after GC invocations=11 (full 0):
 garbage-first heap   total 315392K, used 61819K [0x0000000701800000, 0x0000000800000000)
  region size 1024K, 11 young (11264K), 11 survivors (11264K)
 Metaspace       used 68662K, capacity 69461K, committed 69788K, reserved 1112064K
  class space    used 7714K, capacity 8036K, committed 8140K, reserved 1048576K
}
Event: 33.896 GC heap before
{Heap before GC invocations=11 (full 0):
 garbage-first heap   total 315392K, used 97659K [0x0000000701800000, 0x0000000800000000)
  region size 1024K, 47 young (48128K), 11 survivors (11264K)
 Metaspace       used 72569K, capacity 73336K, committed 73500K, reserved 1124352K
  class space    used 8082K, capacity 8389K, committed 8524K, reserved 1048576K
}

