# JRE version: OpenJDK Runtime Environment (11.0.10) (build 11.0.10+0-b96-7249189)
# Java VM: OpenJDK 64-Bit Server VM (11.0.10+0-b96-7249189, mixed mode, tiered, compressed oops, g1 gc, windows-amd64)
Heap:
 garbage-first heap   total 318464K, used 276992K [0x0000000080000000, 0x0000000100000000)
  region size 1024K, 11 young (11264K), 2 survivors (2048K)
 Metaspace       used 131657K, capacity 135715K, committed 135864K, reserved 1167360K
  class space    used 16292K, capacity 17690K, committed 17764K, reserved 1048576K
GC Heap History (20 events):
Event: 4309.239 GC heap before
{Heap before GC invocations=50 (full 0):
 garbage-first heap   total 317440K, used 249728K [0x0000000080000000, 0x0000000100000000)
  region size 1024K, 110 young (112640K), 7 survivors (7168K)
 Metaspace       used 130011K, capacity 133834K, committed 134072K, reserved 1165312K
  class space    used 16106K, capacity 17461K, committed 17508K, reserved 1048576K
}
Event: 4309.265 GC heap after
{Heap after GC invocations=51 (full 0):
 garbage-first heap   total 317440K, used 145886K [0x0000000080000000, 0x0000000100000000)
  region size 1024K, 8 young (8192K), 8 survivors (8192K)
 Metaspace       used 130011K, capacity 133834K, committed 134072K, reserved 1165312K
  class space    used 16106K, capacity 17461K, committed 17508K, reserved 1048576K
}
Event: 4311.832 GC heap before
{Heap before GC invocations=51 (full 0):
 garbage-first heap   total 317440K, used 251358K [0x0000000080000000, 0x0000000100000000)
  region size 1024K, 112 young (114688K), 8 survivors (8192K)
 Metaspace       used 131094K, capacity 135079K, committed 135352K, reserved 1167360K
  class space    used 16243K, capacity 17638K, committed 17764K, reserved 1048576K
}
Event: 4311.863 GC heap after
{Heap after GC invocations=52 (full 0):
 garbage-first heap   total 317440K, used 147378K [0x0000000080000000, 0x0000000100000000)
  region size 1024K, 9 young (9216K), 9 survivors (9216K)
 Metaspace       used 131094K, capacity 135079K, committed 135352K, reserved 1167360K
  class space    used 16243K, capacity 17638K, committed 17764K, reserved 1048576K
}
Event: 4313.015 GC heap before
{Heap before GC invocations=52 (full 0):
 garbage-first heap   total 317440K, used 255922K [0x0000000080000000, 0x0000000100000000)
  region size 1024K, 116 young (118784K), 9 survivors (9216K)
 Metaspace       used 131142K, capacity 135171K, committed 135352K, reserved 1167360K
  class space    used 16253K, capacity 17647K, committed 17764K, reserved 1048576K
}
Event: 4313.043 GC heap after
{Heap after GC invocations=53 (full 0):
 garbage-first heap   total 317440K, used 149186K [0x0000000080000000, 0x0000000100000000)
  region size 1024K, 10 young (10240K), 10 survivors (10240K)
 Metaspace       used 131142K, capacity 135171K, committed 135352K, reserved 1167360K
  class space    used 16253K, capacity 17647K, committed 17764K, reserved 1048576K
}
Event: 4313.555 GC heap before
{Heap before GC invocations=53 (full 0):
 garbage-first heap   total 317440K, used 237250K [0x0000000080000000, 0x0000000100000000)
  region size 1024K, 72 young (73728K), 10 survivors (10240K)
 Metaspace       used 131210K, capacity 135236K, committed 135352K, reserved 1167360K
  class space    used 16261K, capacity 17662K, committed 17764K, reserved 1048576K
}
Event: 4313.586 GC heap after
{Heap after GC invocations=54 (full 0):
 garbage-first heap   total 317440K, used 180048K [0x0000000080000000, 0x0000000100000000)
  region size 1024K, 13 young (13312K), 13 survivors (13312K)
 Metaspace       used 131210K, capacity 135236K, committed 135352K, reserved 1167360K
  class space    used 16261K, capacity 17662K, committed 17764K, reserved 1048576K
}
Event: 4314.717 GC heap before
{Heap before GC invocations=55 (full 0):
 garbage-first heap   total 317440K, used 282448K [0x0000000080000000, 0x0000000100000000)
  region size 1024K, 92 young (94208K), 13 survivors (13312K)
 Metaspace       used 131322K, capacity 135443K, committed 135608K, reserved 1167360K
  class space    used 16276K, capacity 17688K, committed 17764K, reserved 1048576K
}
Event: 4314.789 GC heap after
{Heap after GC invocations=56 (full 0):
 garbage-first heap   total 318464K, used 210350K [0x0000000080000000, 0x0000000100000000)
  region size 1024K, 12 young (12288K), 12 survivors (12288K)
 Metaspace       used 131322K, capacity 135443K, committed 135608K, reserved 1167360K
  class space    used 16276K, capacity 17688K, committed 17764K, reserved 1048576K
}
Event: 4314.809 GC heap before
{Heap before GC invocations=56 (full 0):
 garbage-first heap   total 318464K, used 212398K [0x0000000080000000, 0x0000000100000000)
  region size 1024K, 15 young (15360K), 12 survivors (12288K)
 Metaspace       used 131322K, capacity 135443K, committed 135608K, reserved 1167360K
  class space    used 16276K, capacity 17688K, committed 17764K, reserved 1048576K
}
Event: 4314.865 GC heap after
{Heap after GC invocations=57 (full 0):
 garbage-first heap   total 318464K, used 201728K [0x0000000080000000, 0x0000000100000000)
  region size 1024K, 2 young (2048K), 2 survivors (2048K)
 Metaspace       used 131322K, capacity 135443K, committed 135608K, reserved 1167360K
  class space    used 16276K, capacity 17688K, committed 17764K, reserved 1048576K
}
Event: 4315.736 GC heap before
{Heap before GC invocations=57 (full 0):
 garbage-first heap   total 318464K, used 265216K [0x0000000080000000, 0x0000000100000000)
  region size 1024K, 61 young (62464K), 2 survivors (2048K)
 Metaspace       used 131568K, capacity 135649K, committed 135864K, reserved 1167360K
  class space    used 16292K, capacity 17690K, committed 17764K, reserved 1048576K
}
Event: 4315.844 GC heap after
{Heap after GC invocations=58 (full 0):
 garbage-first heap   total 318464K, used 233472K [0x0000000080000000, 0x0000000100000000)
  region size 1024K, 8 young (8192K), 8 survivors (8192K)
 Metaspace       used 131568K, capacity 135649K, committed 135864K, reserved 1167360K
  class space    used 16292K, capacity 17690K, committed 17764K, reserved 1048576K
}
Event: 4316.202 GC heap before
{Heap before GC invocations=58 (full 0):
 garbage-first heap   total 318464K, used 261120K [0x0000000080000000, 0x0000000100000000)
  region size 1024K, 35 young (35840K), 8 survivors (8192K)
 Metaspace       used 131631K, capacity 135713K, committed 135864K, reserved 1167360K
  class space    used 16292K, capacity 17690K, committed 17764K, reserved 1048576K
}
Event: 4316.283 GC heap after
{Heap after GC invocations=59 (full 0):
 garbage-first heap   total 318464K, used 250368K [0x0000000080000000, 0x0000000100000000)
  region size 1024K, 5 young (5120K), 5 survivors (5120K)
 Metaspace       used 131631K, capacity 135713K, committed 135864K, reserved 1167360K
  class space    used 16292K, capacity 17690K, committed 17764K, reserved 1048576K
}
Event: 4316.412 GC heap before
{Heap before GC invocations=59 (full 0):
 garbage-first heap   total 318464K, used 266752K [0x0000000080000000, 0x0000000100000000)
  region size 1024K, 21 young (21504K), 5 survivors (5120K)
 Metaspace       used 131653K, capacity 135715K, committed 135864K, reserved 1167360K
  class space    used 16292K, capacity 17690K, committed 17764K, reserved 1048576K
}
Event: 4316.452 GC heap after
{Heap after GC invocations=60 (full 0):
 garbage-first heap   total 318464K, used 260608K [0x0000000080000000, 0x0000000100000000)
  region size 1024K, 3 young (3072K), 3 survivors (3072K)
 Metaspace       used 131653K, capacity 135715K, committed 135864K, reserved 1167360K
  class space    used 16292K, capacity 17690K, committed 17764K, reserved 1048576K
}
Event: 4316.654 GC heap before
{Heap before GC invocations=60 (full 0):
 garbage-first heap   total 318464K, used 271872K [0x0000000080000000, 0x0000000100000000)
  region size 1024K, 15 young (15360K), 3 survivors (3072K)
 Metaspace       used 131656K, capacity 135715K, committed 135864K, reserved 1167360K
  class space    used 16292K, capacity 17690K, committed 17764K, reserved 1048576K
}
Event: 4316.680 GC heap after
{Heap after GC invocations=61 (full 0):
 garbage-first heap   total 318464K, used 268800K [0x0000000080000000, 0x0000000100000000)
  region size 1024K, 2 young (2048K), 2 survivors (2048K)
 Metaspace       used 131656K, capacity 135715K, committed 135864K, reserved 1167360K
  class space    used 16292K, capacity 17690K, committed 17764K, reserved 1048576K
}

