# JRE version: OpenJDK Runtime Environment (11.0.10) (build 11.0.10+0-b96-7249189)
# Java VM: OpenJDK 64-Bit Server VM (11.0.10+0-b96-7249189, mixed mode, tiered, compressed oops, g1 gc, windows-amd64)
Heap:
 garbage-first heap   total 321536K, used 32315K [0x0000000701800000, 0x0000000800000000)
  region size 1024K, 7 young (7168K), 7 survivors (7168K)
 Metaspace       used 46543K, capacity 47065K, committed 47232K, reserved 1091584K
  class space    used 5471K, capacity 5681K, committed 5760K, reserved 1048576K
GC Heap History (9 events):
Event: 0.780 GC heap before
{Heap before GC invocations=0 (full 0):
 garbage-first heap   total 262144K, used 17408K [0x0000000701800000, 0x0000000800000000)
  region size 1024K, 14 young (14336K), 0 survivors (0K)
 Metaspace       used 9777K, capacity 9871K, committed 10112K, reserved 1058816K
  class space    used 828K, capacity 884K, committed 896K, reserved 1048576K
}
Event: 0.786 GC heap after
{Heap after GC invocations=1 (full 0):
 garbage-first heap   total 262144K, used 5606K [0x0000000701800000, 0x0000000800000000)
  region size 1024K, 2 young (2048K), 2 survivors (2048K)
 Metaspace       used 9777K, capacity 9871K, committed 10112K, reserved 1058816K
  class space    used 828K, capacity 884K, committed 896K, reserved 1048576K
}
Event: 2.237 GC heap before
{Heap before GC invocations=1 (full 0):
 garbage-first heap   total 262144K, used 51686K [0x0000000701800000, 0x0000000800000000)
  region size 1024K, 48 young (49152K), 2 survivors (2048K)
 Metaspace       used 20962K, capacity 21182K, committed 21248K, reserved 1069056K
  class space    used 2216K, capacity 2289K, committed 2304K, reserved 1048576K
}
Event: 2.259 GC heap after
{Heap after GC invocations=2 (full 0):
 garbage-first heap   total 262144K, used 9347K [0x0000000701800000, 0x0000000800000000)
  region size 1024K, 6 young (6144K), 6 survivors (6144K)
 Metaspace       used 20962K, capacity 21182K, committed 21248K, reserved 1069056K
  class space    used 2216K, capacity 2289K, committed 2304K, reserved 1048576K
}
Event: 3.829 GC heap before
{Heap before GC invocations=3 (full 0):
 garbage-first heap   total 262144K, used 64643K [0x0000000701800000, 0x0000000800000000)
  region size 1024K, 52 young (53248K), 6 survivors (6144K)
 Metaspace       used 29667K, capacity 30134K, committed 30336K, reserved 1075200K
  class space    used 3496K, capacity 3670K, committed 3712K, reserved 1048576K
}
Event: 3.859 GC heap after
{Heap after GC invocations=4 (full 0):
 garbage-first heap   total 262144K, used 22324K [0x0000000701800000, 0x0000000800000000)
  region size 1024K, 7 young (7168K), 7 survivors (7168K)
 Metaspace       used 29667K, capacity 30134K, committed 30336K, reserved 1075200K
  class space    used 3496K, capacity 3670K, committed 3712K, reserved 1048576K
}
Event: 4.890 GC heap before
{Heap before GC invocations=4 (full 0):
 garbage-first heap   total 262144K, used 57140K [0x0000000701800000, 0x0000000800000000)
  region size 1024K, 38 young (38912K), 7 survivors (7168K)
 Metaspace       used 35379K, capacity 35779K, committed 35840K, reserved 1081344K
  class space    used 4138K, capacity 4291K, committed 4352K, reserved 1048576K
}
Event: 4.926 GC heap after
{Heap after GC invocations=5 (full 0):
 garbage-first heap   total 262144K, used 25710K [0x0000000701800000, 0x0000000800000000)
  region size 1024K, 4 young (4096K), 4 survivors (4096K)
 Metaspace       used 35379K, capacity 35779K, committed 35840K, reserved 1081344K
  class space    used 4138K, capacity 4291K, committed 4352K, reserved 1048576K
}
Event: 6.811 GC heap before
{Heap before GC invocations=6 (full 0):
 garbage-first heap   total 262144K, used 78958K [0x0000000701800000, 0x0000000800000000)
  region size 1024K, 54 young (55296K), 4 survivors (4096K)
 Metaspace       used 46543K, capacity 47065K, committed 47232K, reserved 1091584K
  class space    used 5471K, capacity 5681K, committed 5760K, reserved 1048576K
}

