# JRE version: OpenJDK Runtime Environment (11.0.10) (build 11.0.10+0-b96-7249189)
# Java VM: OpenJDK 64-Bit Server VM (11.0.10+0-b96-7249189, mixed mode, tiered, compressed oops, g1 gc, windows-amd64)
Heap:
 garbage-first heap   total 322560K, used 33422K [0x0000000701800000, 0x0000000800000000)
  region size 1024K, 8 young (8192K), 8 survivors (8192K)
 Metaspace       used 47309K, capacity 47845K, committed 48028K, reserved 1091584K
  class space    used 5572K, capacity 5813K, committed 5836K, reserved 1048576K
GC Heap History (9 events):
Event: 0.756 GC heap before
{Heap before GC invocations=0 (full 0):
 garbage-first heap   total 262144K, used 17408K [0x0000000701800000, 0x0000000800000000)
  region size 1024K, 14 young (14336K), 0 survivors (0K)
 Metaspace       used 9776K, capacity 9871K, committed 10112K, reserved 1058816K
  class space    used 828K, capacity 884K, committed 896K, reserved 1048576K
}
Event: 0.764 GC heap after
{Heap after GC invocations=1 (full 0):
 garbage-first heap   total 262144K, used 5136K [0x0000000701800000, 0x0000000800000000)
  region size 1024K, 2 young (2048K), 2 survivors (2048K)
 Metaspace       used 9776K, capacity 9871K, committed 10112K, reserved 1058816K
  class space    used 828K, capacity 884K, committed 896K, reserved 1048576K
}
Event: 2.244 GC heap before
{Heap before GC invocations=1 (full 0):
 garbage-first heap   total 262144K, used 52240K [0x0000000701800000, 0x0000000800000000)
  region size 1024K, 49 young (50176K), 2 survivors (2048K)
 Metaspace       used 20980K, capacity 21187K, committed 21248K, reserved 1069056K
  class space    used 2228K, capacity 2291K, committed 2304K, reserved 1048576K
}
Event: 2.268 GC heap after
{Heap after GC invocations=2 (full 0):
 garbage-first heap   total 262144K, used 9464K [0x0000000701800000, 0x0000000800000000)
  region size 1024K, 7 young (7168K), 7 survivors (7168K)
 Metaspace       used 20980K, capacity 21187K, committed 21248K, reserved 1069056K
  class space    used 2228K, capacity 2291K, committed 2304K, reserved 1048576K
}
Event: 4.310 GC heap before
{Heap before GC invocations=3 (full 0):
 garbage-first heap   total 262144K, used 71928K [0x0000000701800000, 0x0000000800000000)
  region size 1024K, 56 young (57344K), 7 survivors (7168K)
 Metaspace       used 30105K, capacity 30552K, committed 30588K, reserved 1077248K
  class space    used 3542K, capacity 3702K, committed 3712K, reserved 1048576K
}
Event: 4.341 GC heap after
{Heap after GC invocations=4 (full 0):
 garbage-first heap   total 262144K, used 24689K [0x0000000701800000, 0x0000000800000000)
  region size 1024K, 7 young (7168K), 7 survivors (7168K)
 Metaspace       used 30105K, capacity 30552K, committed 30588K, reserved 1077248K
  class space    used 3542K, capacity 3702K, committed 3712K, reserved 1048576K
}
Event: 5.220 GC heap before
{Heap before GC invocations=4 (full 0):
 garbage-first heap   total 262144K, used 54385K [0x0000000701800000, 0x0000000800000000)
  region size 1024K, 37 young (37888K), 7 survivors (7168K)
 Metaspace       used 35552K, capacity 35939K, committed 36048K, reserved 1081344K
  class space    used 4169K, capacity 4323K, committed 4352K, reserved 1048576K
}
Event: 5.253 GC heap after
{Heap after GC invocations=5 (full 0):
 garbage-first heap   total 262144K, used 25974K [0x0000000701800000, 0x0000000800000000)
  region size 1024K, 4 young (4096K), 4 survivors (4096K)
 Metaspace       used 35552K, capacity 35939K, committed 36048K, reserved 1081344K
  class space    used 4169K, capacity 4323K, committed 4352K, reserved 1048576K
}
Event: 7.564 GC heap before
{Heap before GC invocations=6 (full 0):
 garbage-first heap   total 262144K, used 85366K [0x0000000701800000, 0x0000000800000000)
  region size 1024K, 59 young (60416K), 4 survivors (4096K)
 Metaspace       used 47309K, capacity 47845K, committed 48028K, reserved 1091584K
  class space    used 5572K, capacity 5813K, committed 5836K, reserved 1048576K
}

