# JRE version: OpenJDK Runtime Environment (11.0.10) (build 11.0.10+0-b96-7249189)
# Java VM: OpenJDK 64-Bit Server VM (11.0.10+0-b96-7249189, mixed mode, tiered, compressed oops, g1 gc, windows-amd64)
Heap:
 garbage-first heap   total 449536K, used 200704K [0x0000000080000000, 0x0000000100000000)
  region size 1024K, 3 young (3072K), 3 survivors (3072K)
 Metaspace       used 91826K, capacity 93864K, committed 94076K, reserved 1130496K
  class space    used 11891K, capacity 12682K, committed 12800K, reserved 1048576K
GC Heap History (20 events):
Event: 7.828 GC heap after
{Heap after GC invocations=7 (full 0):
 garbage-first heap   total 262144K, used 18555K [0x0000000080000000, 0x0000000100000000)
  region size 1024K, 6 young (6144K), 6 survivors (6144K)
 Metaspace       used 26535K, capacity 27212K, committed 27440K, reserved 1073152K
  class space    used 3482K, capacity 3710K, committed 3712K, reserved 1048576K
}
Event: 8.936 GC heap before
{Heap before GC invocations=7 (full 0):
 garbage-first heap   total 262144K, used 65659K [0x0000000080000000, 0x0000000100000000)
  region size 1024K, 53 young (54272K), 6 survivors (6144K)
 Metaspace       used 34954K, capacity 35669K, committed 35708K, reserved 1081344K
  class space    used 4548K, capacity 4849K, committed 4864K, reserved 1048576K
}
Event: 8.957 GC heap after
{Heap after GC invocations=8 (full 0):
 garbage-first heap   total 262144K, used 21792K [0x0000000080000000, 0x0000000100000000)
  region size 1024K, 9 young (9216K), 9 survivors (9216K)
 Metaspace       used 34954K, capacity 35669K, committed 35708K, reserved 1081344K
  class space    used 4548K, capacity 4849K, committed 4864K, reserved 1048576K
}
Event: 11.657 GC heap before
{Heap before GC invocations=9 (full 0):
 garbage-first heap   total 262144K, used 172320K [0x0000000080000000, 0x0000000100000000)
  region size 1024K, 153 young (156672K), 9 survivors (9216K)
 Metaspace       used 44443K, capacity 45559K, committed 45692K, reserved 1089536K
  class space    used 5696K, capacity 6095K, committed 6144K, reserved 1048576K
}
Event: 11.689 GC heap after
{Heap after GC invocations=10 (full 0):
 garbage-first heap   total 262144K, used 28201K [0x0000000080000000, 0x0000000100000000)
  region size 1024K, 15 young (15360K), 15 survivors (15360K)
 Metaspace       used 44443K, capacity 45559K, committed 45692K, reserved 1089536K
  class space    used 5696K, capacity 6095K, committed 6144K, reserved 1048576K
}
Event: 14.811 GC heap before
{Heap before GC invocations=10 (full 0):
 garbage-first heap   total 262144K, used 172585K [0x0000000080000000, 0x0000000100000000)
  region size 1024K, 151 young (154624K), 15 survivors (15360K)
 Metaspace       used 58299K, capacity 59732K, committed 59900K, reserved 1101824K
  class space    used 7416K, capacity 7954K, committed 8064K, reserved 1048576K
}
Event: 14.877 GC heap after
{Heap after GC invocations=11 (full 0):
 garbage-first heap   total 262144K, used 46962K [0x0000000080000000, 0x0000000100000000)
  region size 1024K, 20 young (20480K), 20 survivors (20480K)
 Metaspace       used 58299K, capacity 59732K, committed 59900K, reserved 1101824K
  class space    used 7416K, capacity 7954K, committed 8064K, reserved 1048576K
}
Event: 18.180 GC heap before
{Heap before GC invocations=12 (full 0):
 garbage-first heap   total 262144K, used 183154K [0x0000000080000000, 0x0000000100000000)
  region size 1024K, 153 young (156672K), 20 survivors (20480K)
 Metaspace       used 69761K, capacity 71446K, committed 71548K, reserved 1112064K
  class space    used 9093K, capacity 9722K, committed 9728K, reserved 1048576K
}
Event: 18.248 GC heap after
{Heap after GC invocations=13 (full 0):
 garbage-first heap   total 262144K, used 57966K [0x0000000080000000, 0x0000000100000000)
  region size 1024K, 10 young (10240K), 10 survivors (10240K)
 Metaspace       used 69761K, capacity 71446K, committed 71548K, reserved 1112064K
  class space    used 9093K, capacity 9722K, committed 9728K, reserved 1048576K
}
Event: 21.971 GC heap before
{Heap before GC invocations=13 (full 0):
 garbage-first heap   total 262144K, used 196206K [0x0000000080000000, 0x0000000100000000)
  region size 1024K, 146 young (149504K), 10 survivors (10240K)
 Metaspace       used 79130K, capacity 80977K, committed 81276K, reserved 1120256K
  class space    used 10246K, capacity 10928K, committed 11008K, reserved 1048576K
}
Event: 22.018 GC heap after
{Heap after GC invocations=14 (full 0):
 garbage-first heap   total 326656K, used 66158K [0x0000000080000000, 0x0000000100000000)
  region size 1024K, 18 young (18432K), 18 survivors (18432K)
 Metaspace       used 79130K, capacity 80977K, committed 81276K, reserved 1120256K
  class space    used 10246K, capacity 10928K, committed 11008K, reserved 1048576K
}
Event: 25.465 GC heap before
{Heap before GC invocations=14 (full 0):
 garbage-first heap   total 326656K, used 247406K [0x0000000080000000, 0x0000000100000000)
  region size 1024K, 179 young (183296K), 18 survivors (18432K)
 Metaspace       used 83587K, capacity 85585K, committed 85884K, reserved 1124352K
  class space    used 10709K, capacity 11438K, committed 11520K, reserved 1048576K
}
Event: 25.526 GC heap after
{Heap after GC invocations=15 (full 0):
 garbage-first heap   total 326656K, used 72166K [0x0000000080000000, 0x0000000100000000)
  region size 1024K, 15 young (15360K), 15 survivors (15360K)
 Metaspace       used 83587K, capacity 85585K, committed 85884K, reserved 1124352K
  class space    used 10709K, capacity 11438K, committed 11520K, reserved 1048576K
}
Event: 28.001 GC heap before
{Heap before GC invocations=15 (full 0):
 garbage-first heap   total 326656K, used 273894K [0x0000000080000000, 0x0000000100000000)
  region size 1024K, 181 young (185344K), 15 survivors (15360K)
 Metaspace       used 89397K, capacity 91449K, committed 91516K, reserved 1128448K
  class space    used 11477K, capacity 12242K, committed 12288K, reserved 1048576K
}
Event: 28.055 GC heap after
{Heap after GC invocations=16 (full 0):
 garbage-first heap   total 326656K, used 114565K [0x0000000080000000, 0x0000000100000000)
  region size 1024K, 23 young (23552K), 23 survivors (23552K)
 Metaspace       used 89397K, capacity 91449K, committed 91516K, reserved 1128448K
  class space    used 11477K, capacity 12242K, committed 12288K, reserved 1048576K
}
Event: 30.462 GC heap before
{Heap before GC invocations=16 (full 0):
 garbage-first heap   total 326656K, used 282501K [0x0000000080000000, 0x0000000100000000)
  region size 1024K, 162 young (165888K), 23 survivors (23552K)
 Metaspace       used 91780K, capacity 93862K, committed 94076K, reserved 1130496K
  class space    used 11890K, capacity 12682K, committed 12800K, reserved 1048576K
}
Event: 30.659 GC heap after
{Heap after GC invocations=17 (full 0):
 garbage-first heap   total 367616K, used 190222K [0x0000000080000000, 0x0000000100000000)
  region size 1024K, 21 young (21504K), 21 survivors (21504K)
 Metaspace       used 91780K, capacity 93862K, committed 94076K, reserved 1130496K
  class space    used 11890K, capacity 12682K, committed 12800K, reserved 1048576K
}
Event: 30.732 GC heap before
{Heap before GC invocations=17 (full 0):
 garbage-first heap   total 367616K, used 191246K [0x0000000080000000, 0x0000000100000000)
  region size 1024K, 22 young (22528K), 21 survivors (21504K)
 Metaspace       used 91780K, capacity 93862K, committed 94076K, reserved 1130496K
  class space    used 11890K, capacity 12682K, committed 12800K, reserved 1048576K
}
Event: 30.846 GC heap after
{Heap after GC invocations=18 (full 0):
 garbage-first heap   total 367616K, used 192512K [0x0000000080000000, 0x0000000100000000)
  region size 1024K, 2 young (2048K), 2 survivors (2048K)
 Metaspace       used 91780K, capacity 93862K, committed 94076K, reserved 1130496K
  class space    used 11890K, capacity 12682K, committed 12800K, reserved 1048576K
}
Event: 31.435 GC heap before
{Heap before GC invocations=18 (full 0):
 garbage-first heap   total 367616K, used 207872K [0x0000000080000000, 0x0000000100000000)
  region size 1024K, 17 young (17408K), 2 survivors (2048K)
 Metaspace       used 91826K, capacity 93864K, committed 94076K, reserved 1130496K
  class space    used 11891K, capacity 12682K, committed 12800K, reserved 1048576K
}

